[0m14:54:36.030907 [debug] [MainThread]: Sending event: {'category': 'dbt', 'action': 'invocation', 'label': 'start', 'context': [<snowplow_tracker.self_describing_json.SelfDescribingJson object at 0x000001F0EC248550>, <snowplow_tracker.self_describing_json.SelfDescribingJson object at 0x000001F0F0A366D0>, <snowplow_tracker.self_describing_json.SelfDescribingJson object at 0x000001F0F07DFF90>]}


============================== 14:54:36.035905 | bdec8c35-475f-48d3-9804-f7988ea32276 ==============================
[0m14:54:36.035905 [info ] [MainThread]: Running with dbt=1.11.0-rc1
[0m14:54:36.036906 [debug] [MainThread]: running dbt with arguments {'invocation_command': 'dbt init', 'write_json': 'True', 'cache_selected_only': 'False', 'profiles_dir': 'C:\\Users\\tripa\\.dbt', 'log_format': 'default', 'warn_error': 'None', 'static_parser': 'True', 'partial_parse': 'True', 'indirect_selection': 'eager', 'send_anonymous_usage_stats': 'True', 'log_path': 'logs', 'warn_error_options': 'WarnErrorOptionsV2(error=[], warn=[], silence=[])', 'fail_fast': 'False', 'use_experimental_parser': 'False', 'version_check': 'True', 'quiet': 'False', 'introspect': 'True', 'empty': 'None', 'log_cache_events': 'False', 'debug': 'False', 'no_print': 'None', 'use_colors': 'True', 'printer_width': '80', 'target_path': 'None'}
[0m14:54:40.320139 [debug] [MainThread]: Starter project path: E:\1.Workspace\3.PROJECTS\TAXI_ANALYSIS\venv\Lib\site-packages\dbt\include\starter_project
[0m14:54:40.359262 [info ] [MainThread]: 
Your new dbt project "taxi_data" was created!

For more information on how to configure the profiles.yml file,
please consult the dbt documentation here:

  https://docs.getdbt.com/docs/configure-your-profile

One more thing:

Need help? Don't hesitate to reach out to us via GitHub issues or on Slack:

  https://community.getdbt.com/

Happy modeling!

[0m14:54:40.360263 [info ] [MainThread]: Setting up your profile.
[0m14:54:43.168771 [debug] [MainThread]: Snowflake adapter: Setting snowflake.connector to ERROR (file logging only)
[0m14:54:43.169734 [debug] [MainThread]: Snowflake adapter: Setting botocore to ERROR (file logging only)
[0m14:54:43.169734 [debug] [MainThread]: Snowflake adapter: Setting boto3 to ERROR (file logging only)
[0m14:58:44.794549 [info ] [MainThread]: Profile taxi_data written to C:\Users\tripa\.dbt\profiles.yml using target's profile_template.yml and your supplied values. Run 'dbt debug' to validate the connection.
[0m14:58:44.796549 [debug] [MainThread]: Command `dbt init` succeeded at 14:58:44.796549 after 248.84 seconds
[0m14:58:44.796549 [debug] [MainThread]: Sending event: {'category': 'dbt', 'action': 'invocation', 'label': 'end', 'context': [<snowplow_tracker.self_describing_json.SelfDescribingJson object at 0x000001F0F0A3D290>, <snowplow_tracker.self_describing_json.SelfDescribingJson object at 0x000001F0F1B217D0>, <snowplow_tracker.self_describing_json.SelfDescribingJson object at 0x000001F0E9FD1610>]}
[0m14:58:44.797548 [debug] [MainThread]: Flushing usage events
[0m14:58:46.444283 [debug] [MainThread]: An error was encountered while trying to flush usage events
